[LOG] SystemI::init                            : FMOD Studio Version: 00010815 (82192)
[LOG] SystemI::init                            : maxchannels = 1024, flags = 00030000, extradriverdata = 0x0
[LOG] SystemI::close                           : 
[LOG] SystemI::close                           : Stop all sounds
[LOG] SystemI::close                           : done.

[LOG] OutputCoreAudio::enumerate               : Enumerating...
[LOG] OutputCoreAudio::enumerate               : Found output driver: "Built-in Output".
[LOG] OutputCoreAudio::enumerate               : Found output driver: "Pro Tools Aggregate I/O".
[LOG] OutputCoreAudio::enumerate               : Done.
[LOG] OutputCoreAudio::init                    : Output running 2 channels at 44100Hz sample rate.
[LOG] OutputCoreAudio::init                    : Maximum hardware read size: 1024 samples, Software buffer size: 512 samples, Number of software buffers: 4.
[WRN] SystemI::init                            : Output requires a sample rate of 44100Hz, resampling will occur.
[LOG] Thread::initThread                       : Initializing FMOD mixer thread.  priority 3
[LOG] Thread::initThread                       : - Stacksize 49152.  Stack pointer 0x0 : usesemaphore = 1 : sleeptime = 0
[LOG] Thread::callback                         : * FMOD mixer thread started
[LOG] SystemI::init                            : Set up emulated output
[LOG] SystemI::init                            : create the channel pool
[LOG] Thread::initThread                       : Initializing FMOD stream thread.  priority 2
[LOG] Thread::initThread                       : - Stacksize 65536.  Stack pointer 0x0 : usesemaphore = 0 : sleeptime = 10
[LOG] Thread::callback                         : * FMOD stream thread started
[LOG] Thread::initThread                       : Initializing FMOD Studio update thread.  priority 0
[LOG] Thread::initThread                       : - Stacksize 65536.  Stack pointer 0x0 : usesemaphore = 0 : sleeptime = 1
[LOG] Thread::callback                         : * FMOD Studio update thread started
[LOG] Thread::initThread                       : Initializing FMOD Studio sample load thread.  priority 0
[LOG] Thread::initThread                       : - Stacksize 65536.  Stack pointer 0x0 : usesemaphore = 0 : sleeptime = 1
[LOG] Thread::callback                         : * FMOD Studio sample load thread started
[LOG] LiveUpdate::init                         : 
[LOG] Thread::initThread                       : Initializing FMOD Studio bank load thread.  priority 0
[LOG] Thread::initThread                       : - Stacksize 65536.  Stack pointer 0x0 : usesemaphore = 0 : sleeptime = 1
[LOG] Thread::callback                         : * FMOD Studio bank load thread started
[LOG] Profile::init                            : Profiler listening on port: 9264
[LOG] Manager::readBank                        : fileversion = 68, compatVersion = 68 (oldest = 44, newest = 80)
[LOG] Manager::readBank                        : fileversion = 68, compatVersion = 68 (oldest = 44, newest = 80)
[LOG] PlaybackSystem::acquireMasterBus         : Setting master channel group format to 6
[LOG] SystemI::createSoundInternal             : filename =  : mode 0a000202
[LOG] SystemI::createSoundInternal             : exinfo->cbsize             = 232
[LOG] SystemI::createSoundInternal             : exinfo->length             = 1045984
[LOG] SystemI::createSoundInternal             : exinfo->fileoffset         = 16192
[LOG] SystemI::createSoundInternal             : exinfo->numsubsounds       = 1
[LOG] SystemI::createSoundInternal             : exinfo->inclusionlist      = 0x70000dd90b88
[LOG] SystemI::createSoundInternal             : exinfo->inclusionlistnum   = 1
[LOG] SystemI::createSoundInternal             : exinfo->suggestedsoundtype = 5
[LOG] SystemI::createSoundInternal             : exinfo->useropen           = 0x12947d648
[LOG] SystemI::createSoundInternal             : exinfo->userclose          = 0x12947d704
[LOG] SystemI::createSoundInternal             : exinfo->userread           = 0x12947d734
[LOG] SystemI::createSoundInternal             : exinfo->userseek           = 0x12947d7d1
[LOG] SystemI::createSoundInternal             : exinfo->fileuserdata       = 0x12a5e8928
[LOG] SystemI::createSoundInternal             : exinfo->initialseekpostype = 1
[LOG] SystemI::createSoundInternal             : Format has 1 subsounds.
[LOG] SystemI::createSoundInternal             : Create as FMOD_CREATESAMPLE
[LOG] SystemI::createSoundInternal             : Multi-sample sound (1 subsounds), create a sample container.
[LOG] SystemI::createSoundInternal             : creating subsound 0/1
[LOG] SystemI::createSample                    : mode 0a000202 length 2126768 samples, lengthbytes 367296
[LOG] SystemI::createSample                    : channels = 2
[LOG] SystemI::createSample                    : output = 0x122c1b348
[LOG] OutputSoftware::createSample             : lengthpcm 2126768, lengthbytes 367296, channels 2, format 2, freq 48000, mode 0a00020a
[LOG] SystemI::createSoundInternal             : done.  OpenState now = FMOD_OPENSTATE_READY.

[LOG] SystemI::createSoundInternal             : filename =  : mode 0a000202
[LOG] SystemI::createSoundInternal             : exinfo->cbsize             = 232
[LOG] SystemI::createSoundInternal             : exinfo->length             = 1045984
[LOG] SystemI::createSoundInternal             : exinfo->fileoffset         = 16192
[LOG] SystemI::createSoundInternal             : exinfo->numsubsounds       = 1
[LOG] SystemI::createSoundInternal             : exinfo->inclusionlist      = 0x70000dd90b88
[LOG] SystemI::createSoundInternal             : exinfo->inclusionlistnum   = 1
[LOG] SystemI::createSoundInternal             : exinfo->suggestedsoundtype = 5
[LOG] SystemI::createSoundInternal             : exinfo->useropen           = 0x12947d648
[LOG] SystemI::createSoundInternal             : exinfo->userclose          = 0x12947d704
[LOG] SystemI::createSoundInternal             : exinfo->userread           = 0x12947d734
[LOG] SystemI::createSoundInternal             : exinfo->userseek           = 0x12947d7d1
[LOG] SystemI::createSoundInternal             : exinfo->fileuserdata       = 0x12a5e8928
[LOG] SystemI::createSoundInternal             : exinfo->initialseekpostype = 1
[LOG] SystemI::createSoundInternal             : Format has 1 subsounds.
[LOG] SystemI::createSoundInternal             : Create as FMOD_CREATESAMPLE
[LOG] SystemI::createSoundInternal             : Multi-sample sound (1 subsounds), create a sample container.
[LOG] SystemI::createSoundInternal             : creating subsound 0/1
[LOG] SystemI::createSample                    : mode 0a000202 length 2126768 samples, lengthbytes 293824
[LOG] SystemI::createSample                    : channels = 2
[LOG] SystemI::createSample                    : output = 0x122c1b348
[LOG] OutputSoftware::createSample             : lengthpcm 2126768, lengthbytes 293824, channels 2, format 2, freq 48000, mode 0a00020a
[LOG] SystemI::createSoundInternal             : done.  OpenState now = FMOD_OPENSTATE_READY.

[LOG] SystemI::createSoundInternal             : filename =  : mode 0a000202
[LOG] SystemI::createSoundInternal             : exinfo->cbsize             = 232
[LOG] SystemI::createSoundInternal             : exinfo->length             = 1045984
[LOG] SystemI::createSoundInternal             : exinfo->fileoffset         = 16192
[LOG] SystemI::createSoundInternal             : exinfo->numsubsounds       = 1
[LOG] SystemI::createSoundInternal             : exinfo->inclusionlist      = 0x70000dd90b88
[LOG] SystemI::createSoundInternal             : exinfo->inclusionlistnum   = 1
[LOG] SystemI::createSoundInternal             : exinfo->suggestedsoundtype = 5
[LOG] SystemI::createSoundInternal             : exinfo->useropen           = 0x12947d648
[LOG] SystemI::createSoundInternal             : exinfo->userclose          = 0x12947d704
[LOG] SystemI::createSoundInternal             : exinfo->userread           = 0x12947d734
[LOG] SystemI::createSoundInternal             : exinfo->userseek           = 0x12947d7d1
[LOG] SystemI::createSoundInternal             : exinfo->fileuserdata       = 0x12a5e8928
[LOG] SystemI::createSoundInternal             : exinfo->initialseekpostype = 1
[LOG] SystemI::createSoundInternal             : Format has 1 subsounds.
[LOG] SystemI::createSoundInternal             : Create as FMOD_CREATESAMPLE
[LOG] SystemI::createSoundInternal             : Multi-sample sound (1 subsounds), create a sample container.
[LOG] SystemI::createSoundInternal             : creating subsound 0/1
[LOG] SystemI::createSample                    : mode 0a000202 length 2126768 samples, lengthbytes 377504
[LOG] SystemI::createSample                    : channels = 2
[LOG] SystemI::createSample                    : output = 0x122c1b348
[LOG] OutputSoftware::createSample             : lengthpcm 2126768, lengthbytes 377504, channels 2, format 2, freq 48000, mode 0a00020a
[LOG] SystemI::createSoundInternal             : done.  OpenState now = FMOD_OPENSTATE_READY.

[LOG] SystemI::createSoundInternal             : filename =  : mode 0a000202
[LOG] SystemI::createSoundInternal             : exinfo->cbsize             = 232
[LOG] SystemI::createSoundInternal             : exinfo->length             = 1045984
[LOG] SystemI::createSoundInternal             : exinfo->fileoffset         = 16192
[LOG] SystemI::createSoundInternal             : exinfo->numsubsounds       = 1
[LOG] SystemI::createSoundInternal             : exinfo->inclusionlist      = 0x70000dd90b88
[LOG] SystemI::createSoundInternal             : exinfo->inclusionlistnum   = 1
[LOG] SystemI::createSoundInternal             : exinfo->suggestedsoundtype = 5
[LOG] SystemI::createSoundInternal             : exinfo->useropen           = 0x12947d648
[LOG] SystemI::createSoundInternal             : exinfo->userclose          = 0x12947d704
[LOG] SystemI::createSoundInternal             : exinfo->userread           = 0x12947d734
[LOG] SystemI::createSoundInternal             : exinfo->userseek           = 0x12947d7d1
[LOG] SystemI::createSoundInternal             : exinfo->fileuserdata       = 0x1365c7c28
[LOG] SystemI::createSoundInternal             : exinfo->initialseekpostype = 1
[LOG] SystemI::createSoundInternal             : Format has 1 subsounds.
[LOG] SystemI::createSoundInternal             : Create as FMOD_CREATESAMPLE
[LOG] SystemI::createSoundInternal             : Multi-sample sound (1 subsounds), create a sample container.
[LOG] SystemI::createSoundInternal             : creating subsound 0/1
[LOG] SystemI::createSample                    : mode 0a000202 length 22154 samples, lengthbytes 864
[LOG] SystemI::createSample                    : channels = 1
[LOG] SystemI::createSample                    : output = 0x122c1b348
[LOG] OutputSoftware::createSample             : lengthpcm 22154, lengthbytes 864, channels 1, format 2, freq 48000, mode 0a00020a
[LOG] SystemI::createSoundInternal             : done.  OpenState now = FMOD_OPENSTATE_READY.

[LOG] SystemI::createSoundInternal             : filename =  : mode 0a000202
[LOG] SystemI::createSoundInternal             : exinfo->cbsize             = 232
[LOG] SystemI::createSoundInternal             : exinfo->length             = 1045984
[LOG] SystemI::createSoundInternal             : exinfo->fileoffset         = 16192
[LOG] SystemI::createSoundInternal             : exinfo->numsubsounds       = 1
[LOG] SystemI::createSoundInternal             : exinfo->inclusionlist      = 0x70000dd90b88
[LOG] SystemI::createSoundInternal             : exinfo->inclusionlistnum   = 1
[LOG] SystemI::createSoundInternal             : exinfo->suggestedsoundtype = 5
[LOG] SystemI::createSoundInternal             : exinfo->useropen           = 0x12947d648
[LOG] SystemI::createSoundInternal             : exinfo->userclose          = 0x12947d704
[LOG] SystemI::createSoundInternal             : exinfo->userread           = 0x12947d734
[LOG] SystemI::createSoundInternal             : exinfo->userseek           = 0x12947d7d1
[LOG] SystemI::createSoundInternal             : exinfo->fileuserdata       = 0x1365c7c28
[LOG] SystemI::createSoundInternal             : exinfo->initialseekpostype = 1
[LOG] SystemI::createSoundInternal             : Format has 1 subsounds.
[LOG] SystemI::createSoundInternal             : Create as FMOD_CREATESAMPLE
[LOG] SystemI::createSoundInternal             : Multi-sample sound (1 subsounds), create a sample container.
[LOG] SystemI::createSoundInternal             : creating subsound 0/1
[LOG] SystemI::createSample                    : mode 0a000202 length 62768 samples, lengthbytes 3904
[LOG] SystemI::createSample                    : channels = 1
[LOG] SystemI::createSample                    : output = 0x122c1b348
[LOG] OutputSoftware::createSample             : lengthpcm 62768, lengthbytes 3904, channels 1, format 2, freq 48000, mode 0a00020a
[LOG] SystemI::createSoundInternal             : done.  OpenState now = FMOD_OPENSTATE_READY.

[LOG] SoundI::release                          : (null) (0x12a5ea448)
[LOG] SoundI::release                          : release subsounds. (0x12a5ea448)
[LOG] SoundI::release                          :     (null) (0x12a5ea5a8)
[LOG] SoundI::release                          : release codec. (0x12a5ea448)
[LOG] SoundI::release                          : (null) (0x12a5e9e68)
[LOG] SoundI::release                          : release subsounds. (0x12a5e9e68)
[LOG] SoundI::release                          :     (null) (0x12a5e9fc8)
[LOG] SoundI::release                          : release codec. (0x12a5e9e68)
[LOG] SoundI::release                          : (null) (0x10ba3c5a8)
[LOG] SoundI::release                          : release subsounds. (0x10ba3c5a8)
[LOG] SoundI::release                          :     (null) (0x12a5e92a8)
[LOG] SoundI::release                          : release codec. (0x10ba3c5a8)
[LOG] SoundI::release                          : (null) (0x122e23588)
[LOG] SoundI::release                          : release subsounds. (0x122e23588)
[LOG] SoundI::release                          :     (null) (0x122e236e8)
[LOG] SoundI::release                          : release codec. (0x122e23588)
[LOG] SoundI::release                          : (null) (0x10bb80ae8)
[LOG] SoundI::release                          : release subsounds. (0x10bb80ae8)
[LOG] SoundI::release                          :     (null) (0x10bb80c48)
[LOG] SoundI::release                          : release codec. (0x10bb80ae8)
[LOG] Thread::callback                         : * FMOD Studio update thread finished
[LOG] Thread::close                            : FMOD Studio update thread thread destroyed
[LOG] Thread::callback                         : * FMOD Studio bank load thread finished
[LOG] Thread::close                            : FMOD Studio bank load thread thread destroyed
[LOG] Profile::disconnectAll                   : Profiler disconnecting all clients
[LOG] Thread::callback                         : * FMOD Studio sample load thread finished
[LOG] Thread::close                            : FMOD Studio sample load thread thread destroyed
[LOG] LiveUpdate::release                      : 
[LOG] LiveUpdate::reset                        : Reset connection (reason Disconnected)
[LOG] SystemI::close                           : 
[LOG] SystemI::close                           : Stop all sounds
[LOG] Thread::callback                         : * FMOD stream thread finished
[LOG] Thread::close                            : FMOD stream thread thread destroyed
[LOG] SystemI::close                           : Stream thread destroyed
[LOG] Thread::callback                         : * FMOD mixer thread finished
[LOG] Thread::close                            : FMOD mixer thread thread destroyed
[LOG] SystemI::close                           : Free master channel group.
[LOG] SystemI::close                           : Remove 'master' sound group.
[LOG] SystemI::close                           : Free software output.
[LOG] SystemI::close                           : Free emulated output.
[LOG] SystemI::close                           : Free channel pool.
[LOG] SystemI::close                           : done.

